<?xml version="1.0" encoding="UTF-8"?>
<!-- Generated by org.testng.reporters.JUnitReportReporter -->
<testsuite skipped="0" hostname="Rajesh-HP-Lap" name="test.vagrant.assignment.TeamRCBTest" tests="1" failures="0" timestamp="17 Jun 2022 17:18:22 GMT" time="1.823" errors="0">
  <testcase name="gettest" time="1.823" classname="test.vagrant.assignment.TeamRCBTest"/>
</testsuite> <!-- test.vagrant.assignment.TeamRCBTest -->
